<?xml version="1.0" encoding="utf-8"?>
<test-run id="2" testcasecount="2" result="Passed" total="2" passed="2" failed="0" inconclusive="0" skipped="0" asserts="0" engine-version="3.5.0.0" clr-version="4.0.30319.42000" start-time="2026-03-15 04:31:52Z" end-time="2026-03-15 04:31:52Z" duration="0.1007478">
  <test-suite type="TestSuite" id="1013" name="unity" fullname="unity" runstate="Runnable" testcasecount="2" result="Passed" start-time="2026-03-15 04:31:52Z" end-time="2026-03-15 04:31:52Z" duration="0.100748" total="2" passed="2" failed="0" inconclusive="0" skipped="0" asserts="0">
    <properties>
      <property name="platform" value="EditMode" />
    </properties>
    <test-suite type="Assembly" id="1005" name="Assembly-CSharp-Editor.dll" fullname="C:/Users/nisharu deen/Downloads/PROJECT/factory_digital_twin/unity/Library/ScriptAssemblies/Assembly-CSharp-Editor.dll" runstate="Runnable" testcasecount="2" result="Passed" start-time="2026-03-15 04:31:52Z" end-time="2026-03-15 04:31:52Z" duration="0.084802" total="2" passed="2" failed="0" inconclusive="0" skipped="0" asserts="0">
      <properties>
        <property name="_PID" value="8092" />
        <property name="_APPDOMAIN" value="Unity Child Domain" />
        <property name="platform" value="EditMode" />
        <property name="EditorOnly" value="True" />
      </properties>
      <test-suite type="TestFixture" id="1001" name="MachineSpawnerEditModeTests" fullname="MachineSpawnerEditModeTests" classname="MachineSpawnerEditModeTests" runstate="Runnable" testcasecount="1" result="Passed" start-time="2026-03-15 04:31:52Z" end-time="2026-03-15 04:31:52Z" duration="0.055651" total="1" passed="1" failed="0" inconclusive="0" skipped="0" asserts="0">
        <properties />
        <test-case id="1002" name="SpawnFromJson_CreatesConfiguredMachineInstances" fullname="MachineSpawnerEditModeTests.SpawnFromJson_CreatesConfiguredMachineInstances" methodname="SpawnFromJson_CreatesConfiguredMachineInstances" classname="MachineSpawnerEditModeTests" runstate="Runnable" seed="1905703529" result="Passed" start-time="2026-03-15 04:31:52Z" end-time="2026-03-15 04:31:52Z" duration="0.035474" asserts="0">
          <properties>
            <property name="retryIteration" value="0" />
            <property name="repeatIteration" value="0" />
          </properties>
          <output><![CDATA[Factory built: 2 machine instances
]]></output>
        </test-case>
      </test-suite>
      <test-suite type="TestFixture" id="1003" name="MachineVisualEditModeTests" fullname="MachineVisualEditModeTests" classname="MachineVisualEditModeTests" runstate="Runnable" testcasecount="1" result="Passed" start-time="2026-03-15 04:31:52Z" end-time="2026-03-15 04:31:52Z" duration="0.026665" total="1" passed="1" failed="0" inconclusive="0" skipped="0" asserts="0">
        <properties />
        <test-case id="1004" name="UpdateState_UpdatesLabelAndRoundsQueueLength" fullname="MachineVisualEditModeTests.UpdateState_UpdatesLabelAndRoundsQueueLength" methodname="UpdateState_UpdatesLabelAndRoundsQueueLength" classname="MachineVisualEditModeTests" runstate="Runnable" seed="2126355342" result="Passed" start-time="2026-03-15 04:31:52Z" end-time="2026-03-15 04:31:52Z" duration="0.018482" asserts="0">
          <properties>
            <property name="retryIteration" value="0" />
            <property name="repeatIteration" value="0" />
          </properties>
        </test-case>
      </test-suite>
    </test-suite>
  </test-suite>
</test-run>